<?xml version="1.0" encoding="UTF-8"?>
<testsuite xmlns:xsi="http://www.w3.org/2001/XMLSchema-instance" xsi:noNamespaceSchemaLocation="https://maven.apache.org/surefire/maven-surefire-plugin/xsd/surefire-test-report.xsd" name="fr.ufrsciencestech.panier.model.OrangeTest" time="0.001" tests="7" errors="0" skipped="0" failures="7">
  <properties>
[...]
</properties>
  <testcase name="testToString" classname="fr.ufrsciencestech.panier.model.OrangeTest" time="0">
    <failure message="expected:&lt;[]&gt; but was:&lt;[Orange de Espagne a 0.5 euros]&gt;" type="org.junit.ComparisonFailure"><![CDATA[org.junit.ComparisonFailure: expected:<[]> but was:<[Orange de Espagne a 0.5 euros]>
	at fr.ufrsciencestech.panier.model.OrangeTest.testToString(OrangeTest.java:102)
]]></failure>
    <system-out><![CDATA[toString
]]></system-out>
  </testcase>
  <testcase name="testGetOrigine" classname="fr.ufrsciencestech.panier.model.OrangeTest" time="0">
    <failure message="expected:&lt;[]&gt; but was:&lt;[Espagne]&gt;" type="org.junit.ComparisonFailure"><![CDATA[org.junit.ComparisonFailure: expected:<[]> but was:<[Espagne]>
	at fr.ufrsciencestech.panier.model.OrangeTest.testGetOrigine(OrangeTest.java:75)
]]></failure>
    <system-out><![CDATA[getOrigine
]]></system-out>
  </testcase>
  <testcase name="testIsSeedless" classname="fr.ufrsciencestech.panier.model.OrangeTest" time="0.001">
    <failure message="The test case is a prototype." type="java.lang.AssertionError">java.lang.AssertionError: The test case is a prototype.
	at fr.ufrsciencestech.panier.model.OrangeTest.testIsSeedless(OrangeTest.java:133)
</failure>
    <system-out><![CDATA[isSeedless
]]></system-out>
  </testcase>
  <testcase name="testGetPrix" classname="fr.ufrsciencestech.panier.model.OrangeTest" time="0">
    <failure message="expected:&lt;0.0&gt; but was:&lt;0.5&gt;" type="java.lang.AssertionError"><![CDATA[java.lang.AssertionError: expected:<0.0> but was:<0.5>
	at fr.ufrsciencestech.panier.model.OrangeTest.testGetPrix(OrangeTest.java:48)
]]></failure>
    <system-out><![CDATA[getPrix
]]></system-out>
  </testcase>
  <testcase name="testSetOrigine" classname="fr.ufrsciencestech.panier.model.OrangeTest" time="0">
    <failure message="The test case is a prototype." type="java.lang.AssertionError">java.lang.AssertionError: The test case is a prototype.
	at fr.ufrsciencestech.panier.model.OrangeTest.testSetOrigine(OrangeTest.java:90)
</failure>
    <system-out><![CDATA[setOrigine
]]></system-out>
  </testcase>
  <testcase name="testEquals" classname="fr.ufrsciencestech.panier.model.OrangeTest" time="0">
    <failure message="The test case is a prototype." type="java.lang.AssertionError">java.lang.AssertionError: The test case is a prototype.
	at fr.ufrsciencestech.panier.model.OrangeTest.testEquals(OrangeTest.java:119)
</failure>
    <system-out><![CDATA[equals
]]></system-out>
  </testcase>
  <testcase name="testSetPrix" classname="fr.ufrsciencestech.panier.model.OrangeTest" time="0">
    <failure message="The test case is a prototype." type="java.lang.AssertionError">java.lang.AssertionError: The test case is a prototype.
	at fr.ufrsciencestech.panier.model.OrangeTest.testSetPrix(OrangeTest.java:63)
</failure>
    <system-out><![CDATA[setPrix
]]></system-out>
  </testcase>
</testsuite>