<?xml version="1.0" encoding="UTF-8"?>
<testsuite xmlns:xsi="http://www.w3.org/2001/XMLSchema-instance" xsi:noNamespaceSchemaLocation="https://maven.apache.org/surefire/maven-surefire-plugin/xsd/surefire-test-report.xsd" name="fr.ufrsciencestech.panier.view.VueGraphSwingTest" time="0.301" tests="8" errors="1" skipped="0" failures="7">
  <properties>
[...]
</properties>
  <testcase name="testAddControleur" classname="fr.ufrsciencestech.panier.view.VueGraphSwingTest" time="0.136">
    <failure message="The test case is a prototype." type="java.lang.AssertionError">java.lang.AssertionError: The test case is a prototype.
	at fr.ufrsciencestech.panier.view.VueGraphSwingTest.testAddControleur(VueGraphSwingTest.java:53)
</failure>
    <system-out><![CDATA[addControleur
]]></system-out>
  </testcase>
  <testcase name="testGetAffiche" classname="fr.ufrsciencestech.panier.view.VueGraphSwingTest" time="0.027">
    <failure message="expected:&lt;null&gt; but was:&lt;javax.swing.JLabel[Affichage,0,27,41x17,alignmentX=0.0,alignmentY=0.0,border=,flags=8388608,maximumSize=,minimumSize=,preferredSize=,defaultIcon=,disabledIcon=,horizontalAlignment=CENTER,horizontalTextPosition=TRAILING,iconTextGap=4,labelFor=,text=0,verticalAlignment=CENTER,verticalTextPosition=CENTER]&gt;" type="java.lang.AssertionError"><![CDATA[java.lang.AssertionError: expected:<null> but was:<javax.swing.JLabel[Affichage,0,27,41x17,alignmentX=0.0,alignmentY=0.0,border=,flags=8388608,maximumSize=,minimumSize=,preferredSize=,defaultIcon=,disabledIcon=,horizontalAlignment=CENTER,horizontalTextPosition=TRAILING,iconTextGap=4,labelFor=,text=0,verticalAlignment=CENTER,verticalTextPosition=CENTER]>
	at fr.ufrsciencestech.panier.view.VueGraphSwingTest.testGetAffiche(VueGraphSwingTest.java:132)
]]></failure>
    <system-out><![CDATA[getAffiche
]]></system-out>
  </testcase>
  <testcase name="testPropertyChange" classname="fr.ufrsciencestech.panier.view.VueGraphSwingTest" time="0.043">
    <error message="Cannot invoke &quot;java.beans.PropertyChangeEvent.getSource()&quot; because &quot;evt&quot; is null" type="java.lang.NullPointerException">java.lang.NullPointerException: Cannot invoke "java.beans.PropertyChangeEvent.getSource()" because "evt" is null
	at fr.ufrsciencestech.panier.view.VueGraphSwingTest.testPropertyChange(VueGraphSwingTest.java:64)
</error>
    <system-out><![CDATA[propertyChange
]]></system-out>
  </testcase>
  <testcase name="testSetAffiche" classname="fr.ufrsciencestech.panier.view.VueGraphSwingTest" time="0.041">
    <failure message="The test case is a prototype." type="java.lang.AssertionError">java.lang.AssertionError: The test case is a prototype.
	at fr.ufrsciencestech.panier.view.VueGraphSwingTest.testSetAffiche(VueGraphSwingTest.java:147)
</failure>
    <system-out><![CDATA[setAffiche
]]></system-out>
  </testcase>
  <testcase name="testGetDec" classname="fr.ufrsciencestech.panier.view.VueGraphSwingTest" time="0.015">
    <failure message="expected:&lt;null&gt; but was:&lt;javax.swing.JButton[Moins,0,44,41x27,alignmentX=0.0,alignmentY=0.5,border=javax.swing.plaf.BorderUIResource$CompoundBorderUIResource@229d10bd,flags=296,maximumSize=,minimumSize=,preferredSize=,defaultIcon=,disabledIcon=,disabledSelectedIcon=,margin=javax.swing.plaf.InsetsUIResource[top=2,left=14,bottom=2,right=14],paintBorder=true,paintFocus=true,pressedIcon=,rolloverEnabled=true,rolloverIcon=,rolloverSelectedIcon=,selectedIcon=,text=-,defaultCapable=true]&gt;" type="java.lang.AssertionError"><![CDATA[java.lang.AssertionError: expected:<null> but was:<javax.swing.JButton[Moins,0,44,41x27,alignmentX=0.0,alignmentY=0.5,border=javax.swing.plaf.BorderUIResource$CompoundBorderUIResource@229d10bd,flags=296,maximumSize=,minimumSize=,preferredSize=,defaultIcon=,disabledIcon=,disabledSelectedIcon=,margin=javax.swing.plaf.InsetsUIResource[top=2,left=14,bottom=2,right=14],paintBorder=true,paintFocus=true,pressedIcon=,rolloverEnabled=true,rolloverIcon=,rolloverSelectedIcon=,selectedIcon=,text=-,defaultCapable=true]>
	at fr.ufrsciencestech.panier.view.VueGraphSwingTest.testGetDec(VueGraphSwingTest.java:105)
]]></failure>
    <system-out><![CDATA[getDec
]]></system-out>
  </testcase>
  <testcase name="testGetInc" classname="fr.ufrsciencestech.panier.view.VueGraphSwingTest" time="0.002">
    <failure message="expected:&lt;null&gt; but was:&lt;javax.swing.JButton[Plus,0,0,41x27,alignmentX=0.0,alignmentY=0.5,border=javax.swing.plaf.BorderUIResource$CompoundBorderUIResource@229d10bd,flags=296,maximumSize=,minimumSize=,preferredSize=,defaultIcon=,disabledIcon=,disabledSelectedIcon=,margin=javax.swing.plaf.InsetsUIResource[top=2,left=14,bottom=2,right=14],paintBorder=true,paintFocus=true,pressedIcon=,rolloverEnabled=true,rolloverIcon=,rolloverSelectedIcon=,selectedIcon=,text=+,defaultCapable=true]&gt;" type="java.lang.AssertionError"><![CDATA[java.lang.AssertionError: expected:<null> but was:<javax.swing.JButton[Plus,0,0,41x27,alignmentX=0.0,alignmentY=0.5,border=javax.swing.plaf.BorderUIResource$CompoundBorderUIResource@229d10bd,flags=296,maximumSize=,minimumSize=,preferredSize=,defaultIcon=,disabledIcon=,disabledSelectedIcon=,margin=javax.swing.plaf.InsetsUIResource[top=2,left=14,bottom=2,right=14],paintBorder=true,paintFocus=true,pressedIcon=,rolloverEnabled=true,rolloverIcon=,rolloverSelectedIcon=,selectedIcon=,text=+,defaultCapable=true]>
	at fr.ufrsciencestech.panier.view.VueGraphSwingTest.testGetInc(VueGraphSwingTest.java:78)
]]></failure>
    <system-out><![CDATA[getInc
]]></system-out>
  </testcase>
  <testcase name="testSetDec" classname="fr.ufrsciencestech.panier.view.VueGraphSwingTest" time="0.004">
    <failure message="The test case is a prototype." type="java.lang.AssertionError">java.lang.AssertionError: The test case is a prototype.
	at fr.ufrsciencestech.panier.view.VueGraphSwingTest.testSetDec(VueGraphSwingTest.java:120)
</failure>
    <system-out><![CDATA[setDec
]]></system-out>
  </testcase>
  <testcase name="testSetInc" classname="fr.ufrsciencestech.panier.view.VueGraphSwingTest" time="0.004">
    <failure message="The test case is a prototype." type="java.lang.AssertionError">java.lang.AssertionError: The test case is a prototype.
	at fr.ufrsciencestech.panier.view.VueGraphSwingTest.testSetInc(VueGraphSwingTest.java:93)
</failure>
    <system-out><![CDATA[setInc
]]></system-out>
  </testcase>
</testsuite>