<?xml version="1.0" encoding="UTF-8"?>
<testsuite xmlns:xsi="http://www.w3.org/2001/XMLSchema-instance" xsi:noNamespaceSchemaLocation="https://maven.apache.org/surefire/maven-surefire-plugin/xsd/surefire-test-report.xsd" name="fr.ufrsciencestech.panier.model.PanierTest" time="0.039" tests="16" errors="16" skipped="0" failures="0">
  <properties>
[...]
</properties>
  <testcase name="testBoycotteOrigine" classname="fr.ufrsciencestech.panier.model.PanierTest" time="0.006">
    <error message="Cannot invoke &quot;fr.ufrsciencestech.panier.model.Panier.boycotteOrigine(String)&quot; because &quot;instance&quot; is null" type="java.lang.NullPointerException">java.lang.NullPointerException: Cannot invoke "fr.ufrsciencestech.panier.model.Panier.boycotteOrigine(String)" because "instance" is null
	at fr.ufrsciencestech.panier.model.PanierTest.testBoycotteOrigine(PanierTest.java:226)
</error>
    <system-out><![CDATA[boycotteOrigine
]]></system-out>
  </testcase>
  <testcase name="testEstVide" classname="fr.ufrsciencestech.panier.model.PanierTest" time="0.001">
    <error message="Cannot invoke &quot;fr.ufrsciencestech.panier.model.Panier.estVide()&quot; because &quot;instance&quot; is null" type="java.lang.NullPointerException">java.lang.NullPointerException: Cannot invoke "fr.ufrsciencestech.panier.model.Panier.estVide()" because "instance" is null
	at fr.ufrsciencestech.panier.model.PanierTest.testEstVide(PanierTest.java:184)
</error>
    <system-out><![CDATA[estVide
]]></system-out>
  </testcase>
  <testcase name="testGetFruit" classname="fr.ufrsciencestech.panier.model.PanierTest" time="0">
    <error message="Cannot invoke &quot;fr.ufrsciencestech.panier.model.Panier.getFruit(int)&quot; because &quot;instance&quot; is null" type="java.lang.NullPointerException">java.lang.NullPointerException: Cannot invoke "fr.ufrsciencestech.panier.model.Panier.getFruit(int)" because "instance" is null
	at fr.ufrsciencestech.panier.model.PanierTest.testGetFruit(PanierTest.java:119)
</error>
    <system-out><![CDATA[getFruit
]]></system-out>
  </testcase>
  <testcase name="testGetContenanceMax" classname="fr.ufrsciencestech.panier.model.PanierTest" time="0.001">
    <error message="Cannot invoke &quot;fr.ufrsciencestech.panier.model.Panier.getContenanceMax()&quot; because &quot;instance&quot; is null" type="java.lang.NullPointerException">java.lang.NullPointerException: Cannot invoke "fr.ufrsciencestech.panier.model.Panier.getContenanceMax()" because "instance" is null
	at fr.ufrsciencestech.panier.model.PanierTest.testGetContenanceMax(PanierTest.java:104)
</error>
    <system-out><![CDATA[getContenanceMax
]]></system-out>
  </testcase>
  <testcase name="testAddObserver" classname="fr.ufrsciencestech.panier.model.PanierTest" time="0">
    <error message="Cannot invoke &quot;fr.ufrsciencestech.panier.model.Panier.addObserver(java.beans.PropertyChangeListener)&quot; because &quot;instance&quot; is null" type="java.lang.NullPointerException">java.lang.NullPointerException: Cannot invoke "fr.ufrsciencestech.panier.model.Panier.addObserver(java.beans.PropertyChangeListener)" because "instance" is null
	at fr.ufrsciencestech.panier.model.PanierTest.testAddObserver(PanierTest.java:254)
</error>
    <system-out><![CDATA[addObserver
]]></system-out>
  </testcase>
  <testcase name="testEstPlein" classname="fr.ufrsciencestech.panier.model.PanierTest" time="0">
    <error message="Cannot invoke &quot;fr.ufrsciencestech.panier.model.Panier.estPlein()&quot; because &quot;instance&quot; is null" type="java.lang.NullPointerException">java.lang.NullPointerException: Cannot invoke "fr.ufrsciencestech.panier.model.Panier.estPlein()" because "instance" is null
	at fr.ufrsciencestech.panier.model.PanierTest.testEstPlein(PanierTest.java:198)
</error>
    <system-out><![CDATA[estPlein
]]></system-out>
  </testcase>
  <testcase name="testToString" classname="fr.ufrsciencestech.panier.model.PanierTest" time="0.001">
    <error message="Cannot invoke &quot;fr.ufrsciencestech.panier.model.Panier.toString()&quot; because &quot;instance&quot; is null" type="java.lang.NullPointerException">java.lang.NullPointerException: Cannot invoke "fr.ufrsciencestech.panier.model.Panier.toString()" because "instance" is null
	at fr.ufrsciencestech.panier.model.PanierTest.testToString(PanierTest.java:49)
</error>
    <system-out><![CDATA[toString
]]></system-out>
  </testcase>
  <testcase name="testAjout_0args" classname="fr.ufrsciencestech.panier.model.PanierTest" time="0">
    <error message="Cannot invoke &quot;fr.ufrsciencestech.panier.model.Panier.ajout()&quot; because &quot;instance&quot; is null" type="java.lang.NullPointerException">java.lang.NullPointerException: Cannot invoke "fr.ufrsciencestech.panier.model.Panier.ajout()" because "instance" is null
	at fr.ufrsciencestech.panier.model.PanierTest.testAjout_0args(PanierTest.java:145)
</error>
    <system-out><![CDATA[ajout
]]></system-out>
  </testcase>
  <testcase name="testAjout_Fruit" classname="fr.ufrsciencestech.panier.model.PanierTest" time="0.001">
    <error message="Cannot invoke &quot;fr.ufrsciencestech.panier.model.Panier.ajout(fr.ufrsciencestech.panier.model.Fruit)&quot; because &quot;instance&quot; is null" type="java.lang.NullPointerException">java.lang.NullPointerException: Cannot invoke "fr.ufrsciencestech.panier.model.Panier.ajout(fr.ufrsciencestech.panier.model.Fruit)" because "instance" is null
	at fr.ufrsciencestech.panier.model.PanierTest.testAjout_Fruit(PanierTest.java:133)
</error>
    <system-out><![CDATA[ajout
]]></system-out>
  </testcase>
  <testcase name="testGetPrix" classname="fr.ufrsciencestech.panier.model.PanierTest" time="0">
    <error message="Cannot invoke &quot;fr.ufrsciencestech.panier.model.Panier.getPrix()&quot; because &quot;instance&quot; is null" type="java.lang.NullPointerException">java.lang.NullPointerException: Cannot invoke "fr.ufrsciencestech.panier.model.Panier.getPrix()" because "instance" is null
	at fr.ufrsciencestech.panier.model.PanierTest.testGetPrix(PanierTest.java:212)
</error>
    <system-out><![CDATA[getPrix
]]></system-out>
  </testcase>
  <testcase name="testRetrait" classname="fr.ufrsciencestech.panier.model.PanierTest" time="0.001">
    <error message="Cannot invoke &quot;fr.ufrsciencestech.panier.model.Panier.retrait()&quot; because &quot;instance&quot; is null" type="java.lang.NullPointerException">java.lang.NullPointerException: Cannot invoke "fr.ufrsciencestech.panier.model.Panier.retrait()" because "instance" is null
	at fr.ufrsciencestech.panier.model.PanierTest.testRetrait(PanierTest.java:157)
</error>
    <system-out><![CDATA[retrait
]]></system-out>
  </testcase>
  <testcase name="testSetFruits" classname="fr.ufrsciencestech.panier.model.PanierTest" time="0">
    <error message="Cannot invoke &quot;fr.ufrsciencestech.panier.model.Panier.setFruits(java.util.ArrayList)&quot; because &quot;instance&quot; is null" type="java.lang.NullPointerException">java.lang.NullPointerException: Cannot invoke "fr.ufrsciencestech.panier.model.Panier.setFruits(java.util.ArrayList)" because "instance" is null
	at fr.ufrsciencestech.panier.model.PanierTest.testSetFruits(PanierTest.java:77)
</error>
    <system-out><![CDATA[setFruits
]]></system-out>
  </testcase>
  <testcase name="testGetTaillePanier" classname="fr.ufrsciencestech.panier.model.PanierTest" time="0">
    <error message="Cannot invoke &quot;fr.ufrsciencestech.panier.model.Panier.getTaillePanier()&quot; because &quot;instance&quot; is null" type="java.lang.NullPointerException">java.lang.NullPointerException: Cannot invoke "fr.ufrsciencestech.panier.model.Panier.getTaillePanier()" because "instance" is null
	at fr.ufrsciencestech.panier.model.PanierTest.testGetTaillePanier(PanierTest.java:90)
</error>
    <system-out><![CDATA[getTaillePanier
]]></system-out>
  </testcase>
  <testcase name="testGetFruits" classname="fr.ufrsciencestech.panier.model.PanierTest" time="0.001">
    <error message="Cannot invoke &quot;fr.ufrsciencestech.panier.model.Panier.getFruits()&quot; because &quot;instance&quot; is null" type="java.lang.NullPointerException">java.lang.NullPointerException: Cannot invoke "fr.ufrsciencestech.panier.model.Panier.getFruits()" because "instance" is null
	at fr.ufrsciencestech.panier.model.PanierTest.testGetFruits(PanierTest.java:63)
</error>
    <system-out><![CDATA[getFruits
]]></system-out>
  </testcase>
  <testcase name="testEquals" classname="fr.ufrsciencestech.panier.model.PanierTest" time="0">
    <error message="Cannot invoke &quot;fr.ufrsciencestech.panier.model.Panier.equals(Object)&quot; because &quot;instance&quot; is null" type="java.lang.NullPointerException">java.lang.NullPointerException: Cannot invoke "fr.ufrsciencestech.panier.model.Panier.equals(Object)" because "instance" is null
	at fr.ufrsciencestech.panier.model.PanierTest.testEquals(PanierTest.java:240)
</error>
    <system-out><![CDATA[equals
]]></system-out>
  </testcase>
  <testcase name="testSetFruit" classname="fr.ufrsciencestech.panier.model.PanierTest" time="0.001">
    <error message="Cannot invoke &quot;fr.ufrsciencestech.panier.model.Panier.setFruit(int, fr.ufrsciencestech.panier.model.Fruit)&quot; because &quot;instance&quot; is null" type="java.lang.NullPointerException">java.lang.NullPointerException: Cannot invoke "fr.ufrsciencestech.panier.model.Panier.setFruit(int, fr.ufrsciencestech.panier.model.Fruit)" because "instance" is null
	at fr.ufrsciencestech.panier.model.PanierTest.testSetFruit(PanierTest.java:171)
</error>
    <system-out><![CDATA[setFruit
]]></system-out>
  </testcase>
</testsuite>